# JRE version: OpenJDK Runtime Environment (8.0_202-b03) (build 1.8.0_202-release-1483-b03)
# Java VM: OpenJDK 64-Bit Server VM (25.202-b03 mixed mode windows-amd64 compressed oops)
Heap:
 PSYoungGen      total 287232K, used 79929K [0x00000000e0000000, 0x00000000fab00000, 0x0000000100000000)
  eden space 190976K, 41% used [0x00000000e0000000,0x00000000e4e0e708,0x00000000eba80000)
  from space 96256K, 0% used [0x00000000eba80000,0x00000000eba80000,0x00000000f1880000)
  to   space 109568K, 0% used [0x00000000f4000000,0x00000000f4000000,0x00000000fab00000)
 ParOldGen       total 210944K, used 105125K [0x00000000a0000000, 0x00000000ace00000, 0x00000000e0000000)
  object space 210944K, 49% used [0x00000000a0000000,0x00000000a66a94c0,0x00000000ace00000)
 Metaspace       used 128762K, capacity 135940K, committed 141004K, reserved 1171456K
  class space    used 16216K, capacity 17430K, committed 18176K, reserved 1048576K
GC Heap History (10 events):
Event: 8553.216 GC heap before
{Heap before GC invocations=34 (full 4):
 PSYoungGen      total 268800K, used 218119K [0x00000000e0000000, 0x00000000f7680000, 0x0000000100000000)
  eden space 169984K, 100% used [0x00000000e0000000,0x00000000ea600000,0x00000000ea600000)
  from space 98816K, 48% used [0x00000000ea600000,0x00000000ed501e48,0x00000000f0680000)
  to   space 96256K, 0% used [0x00000000f1880000,0x00000000f1880000,0x00000000f7680000)
 ParOldGen       total 210944K, used 149122K [0x00000000a0000000, 0x00000000ace00000, 0x00000000e0000000)
  object space 210944K, 70% used [0x00000000a0000000,0x00000000a91a09a0,0x00000000ace00000)
 Metaspace       used 130545K, capacity 139970K, committed 140236K, reserved 1171456K
  class space    used 16734K, capacity 18090K, committed 18176K, reserved 1048576K
Event: 8553.258 GC heap after
Heap after GC invocations=34 (full 4):
 PSYoungGen      total 287232K, used 54733K [0x00000000e0000000, 0x00000000f7980000, 0x0000000100000000)
  eden space 190976K, 0% used [0x00000000e0000000,0x00000000e0000000,0x00000000eba80000)
  from space 96256K, 56% used [0x00000000f1880000,0x00000000f4df3600,0x00000000f7680000)
  to   space 96256K, 0% used [0x00000000eba80000,0x00000000eba80000,0x00000000f1880000)
 ParOldGen       total 210944K, used 149130K [0x00000000a0000000, 0x00000000ace00000, 0x00000000e0000000)
  object space 210944K, 70% used [0x00000000a0000000,0x00000000a91a29a0,0x00000000ace00000)
 Metaspace       used 130545K, capacity 139970K, committed 140236K, reserved 1171456K
  class space    used 16734K, capacity 18090K, committed 18176K, reserved 1048576K
}
Event: 8554.415 GC heap before
{Heap before GC invocations=35 (full 4):
 PSYoungGen      total 287232K, used 245709K [0x00000000e0000000, 0x00000000f7980000, 0x0000000100000000)
  eden space 190976K, 99% used [0x00000000e0000000,0x00000000eba7fff8,0x00000000eba80000)
  from space 96256K, 56% used [0x00000000f1880000,0x00000000f4df3600,0x00000000f7680000)
  to   space 96256K, 0% used [0x00000000eba80000,0x00000000eba80000,0x00000000f1880000)
 ParOldGen       total 210944K, used 149130K [0x00000000a0000000, 0x00000000ace00000, 0x00000000e0000000)
  object space 210944K, 70% used [0x00000000a0000000,0x00000000a91a29a0,0x00000000ace00000)
 Metaspace       used 131042K, capacity 140550K, committed 140748K, reserved 1171456K
  class space    used 16770K, capacity 18130K, committed 18176K, reserved 1048576K
Event: 8554.477 GC heap after
Heap after GC invocations=35 (full 4):
 PSYoungGen      total 287232K, used 96226K [0x00000000e0000000, 0x00000000f7980000, 0x0000000100000000)
  eden space 190976K, 0% used [0x00000000e0000000,0x00000000e0000000,0x00000000eba80000)
  from space 96256K, 99% used [0x00000000eba80000,0x00000000f18788e8,0x00000000f1880000)
  to   space 96256K, 0% used [0x00000000f1880000,0x00000000f1880000,0x00000000f7680000)
 ParOldGen       total 210944K, used 166007K [0x00000000a0000000, 0x00000000ace00000, 0x00000000e0000000)
  object space 210944K, 78% used [0x00000000a0000000,0x00000000aa21dc50,0x00000000ace00000)
 Metaspace       used 131042K, capacity 140550K, committed 140748K, reserved 1171456K
  class space    used 16770K, capacity 18130K, committed 18176K, reserved 1048576K
}
Event: 8757.443 GC heap before
{Heap before GC invocations=36 (full 4):
 PSYoungGen      total 287232K, used 287202K [0x00000000e0000000, 0x00000000f7980000, 0x0000000100000000)
  eden space 190976K, 100% used [0x00000000e0000000,0x00000000eba80000,0x00000000eba80000)
  from space 96256K, 99% used [0x00000000eba80000,0x00000000f18788e8,0x00000000f1880000)
  to   space 96256K, 0% used [0x00000000f1880000,0x00000000f1880000,0x00000000f7680000)
 ParOldGen       total 210944K, used 166007K [0x00000000a0000000, 0x00000000ace00000, 0x00000000e0000000)
  object space 210944K, 78% used [0x00000000a0000000,0x00000000aa21dc50,0x00000000ace00000)
 Metaspace       used 131182K, capacity 140708K, committed 140748K, reserved 1171456K
  class space    used 16779K, capacity 18145K, committed 18176K, reserved 1048576K
Event: 8757.506 GC heap after
Heap after GC invocations=36 (full 4):
 PSYoungGen      total 287232K, used 50122K [0x00000000e0000000, 0x00000000f7980000, 0x0000000100000000)
  eden space 190976K, 0% used [0x00000000e0000000,0x00000000e0000000,0x00000000eba80000)
  from space 96256K, 52% used [0x00000000f1880000,0x00000000f4972958,0x00000000f7680000)
  to   space 96256K, 0% used [0x00000000eba80000,0x00000000eba80000,0x00000000f1880000)
 ParOldGen       total 210944K, used 179907K [0x00000000a0000000, 0x00000000ace00000, 0x00000000e0000000)
  object space 210944K, 85% used [0x00000000a0000000,0x00000000aafb0f70,0x00000000ace00000)
 Metaspace       used 131182K, capacity 140708K, committed 140748K, reserved 1171456K
  class space    used 16779K, capacity 18145K, committed 18176K, reserved 1048576K
}
Event: 8758.633 GC heap before
{Heap before GC invocations=37 (full 4):
 PSYoungGen      total 287232K, used 241098K [0x00000000e0000000, 0x00000000f7980000, 0x0000000100000000)
  eden space 190976K, 100% used [0x00000000e0000000,0x00000000eba80000,0x00000000eba80000)
  from space 96256K, 52% used [0x00000000f1880000,0x00000000f4972958,0x00000000f7680000)
  to   space 96256K, 0% used [0x00000000eba80000,0x00000000eba80000,0x00000000f1880000)
 ParOldGen       total 210944K, used 179907K [0x00000000a0000000, 0x00000000ace00000, 0x00000000e0000000)
  object space 210944K, 85% used [0x00000000a0000000,0x00000000aafb0f70,0x00000000ace00000)
 Metaspace       used 131341K, capacity 140812K, committed 141004K, reserved 1171456K
  class space    used 16781K, capacity 18149K, committed 18176K, reserved 1048576K
Event: 8758.694 GC heap after
Heap after GC invocations=37 (full 4):
 PSYoungGen      total 287232K, used 59497K [0x00000000e0000000, 0x00000000fab00000, 0x0000000100000000)
  eden space 190976K, 0% used [0x00000000e0000000,0x00000000e0000000,0x00000000eba80000)
  from space 96256K, 61% used [0x00000000eba80000,0x00000000ef49a448,0x00000000f1880000)
  to   space 109568K, 0% used [0x00000000f4000000,0x00000000f4000000,0x00000000fab00000)
 ParOldGen       total 210944K, used 190579K [0x00000000a0000000, 0x00000000ace00000, 0x00000000e0000000)
  object space 210944K, 90% used [0x00000000a0000000,0x00000000aba1cde8,0x00000000ace00000)
 Metaspace       used 131341K, capacity 140812K, committed 141004K, reserved 1171456K
  class space    used 16781K, capacity 18149K, committed 18176K, reserved 1048576K
}
Event: 8758.694 GC heap before
{Heap before GC invocations=38 (full 5):
 PSYoungGen      total 287232K, used 59497K [0x00000000e0000000, 0x00000000fab00000, 0x0000000100000000)
  eden space 190976K, 0% used [0x00000000e0000000,0x00000000e0000000,0x00000000eba80000)
  from space 96256K, 61% used [0x00000000eba80000,0x00000000ef49a448,0x00000000f1880000)
  to   space 109568K, 0% used [0x00000000f4000000,0x00000000f4000000,0x00000000fab00000)
 ParOldGen       total 210944K, used 190579K [0x00000000a0000000, 0x00000000ace00000, 0x00000000e0000000)
  object space 210944K, 90% used [0x00000000a0000000,0x00000000aba1cde8,0x00000000ace00000)
 Metaspace       used 131341K, capacity 140812K, committed 141004K, reserved 1171456K
  class space    used 16781K, capacity 18149K, committed 18176K, reserved 1048576K
Event: 8758.909 GC heap after
Heap after GC invocations=38 (full 5):
 PSYoungGen      total 287232K, used 0K [0x00000000e0000000, 0x00000000fab00000, 0x0000000100000000)
  eden space 190976K, 0% used [0x00000000e0000000,0x00000000e0000000,0x00000000eba80000)
  from space 96256K, 0% used [0x00000000eba80000,0x00000000eba80000,0x00000000f1880000)
  to   space 109568K, 0% used [0x00000000f4000000,0x00000000f4000000,0x00000000fab00000)
 ParOldGen       total 210944K, used 105125K [0x00000000a0000000, 0x00000000ace00000, 0x00000000e0000000)
  object space 210944K, 49% used [0x00000000a0000000,0x00000000a66a94c0,0x00000000ace00000)
 Metaspace       used 128760K, capacity 135936K, committed 141004K, reserved 1171456K
  class space    used 16215K, capacity 17430K, committed 18176K, reserved 1048576K
}

